[2018-05-12T16:07:22.389] [INFO] app - Servidor iniciado.
[2018-05-12T16:15:45.775] [INFO] app - Servidor iniciado.
[2018-05-12T16:16:02.226] [INFO] app - Usuario: admin@correo.es identificado.
[2018-05-12T16:16:04.696] [ERROR] app - No se ha podido insertar los valores por defecto en la base de datos. Por favor, crea el usuario con correo admin@correo.es y pass 123456 para reintentar.
[2018-05-12T16:16:15.709] [INFO] app - Usuario: javier@correo.es identificado.
[2018-05-12T16:16:20.821] [INFO] app - Error al identificarse.
[2018-05-12T16:16:26.238] [INFO] app - Usuario: joni@correo.es identificado.
[2018-05-12T16:16:28.037] [INFO] app - El usuario no está en sesión. Debe identificarse.
[2018-05-12T16:16:31.405] [INFO] app - Usuario: javier@correo.es identificado.
[2018-05-12T16:16:37.525] [INFO] app - El usuario no está en sesión. Debe identificarse.
[2018-05-12T16:16:40.791] [INFO] app - Usuario: javier@correo.es identificado.
[2018-05-12T16:16:52.015] [INFO] app - Usuario: javier@correo.es identificado.
[2018-05-12T16:17:04.341] [INFO] app - Usuario: noelia@correo.es identificado.
[2018-05-12T16:17:10.657] [INFO] app - Usuario: noelia@correo.es identificado.
[2018-05-12T16:17:18.365] [INFO] app - Usuario: javier@correo.es identificado.
[2018-05-12T16:17:25.316] [INFO] app - Usuario: javier@correo.es identificado.
[2018-05-12T16:17:47.556] [INFO] app - Usuario: ash@correo.es identificado.
[2018-05-12T16:17:57.586] [INFO] app - Usuario: joni@correo.es identificado.
[2018-05-12T16:18:07.704] [INFO] app - Usuario: pokemon@correo.es identificado.
[2018-05-12T16:18:17.794] [INFO] app - Usuario: javier@correo.es identificado.
[2018-05-12T16:18:24.510] [INFO] app - Usuario javier@correo.es autenticado correctamente.
[2018-05-12T16:18:25.263] [INFO] app - El usuario javier@correo.es ha obtenido su lista de amigos.
[2018-05-12T16:18:29.364] [ERROR] app - Error al obtener datos de usuarios para comprobar autenticacion
[2018-05-12T16:18:34.104] [INFO] app - Usuario javier@correo.es autenticado correctamente.
[2018-05-12T16:18:34.768] [INFO] app - El usuario javier@correo.es ha obtenido su lista de amigos.
[2018-05-12T16:18:37.979] [INFO] app - Usuario javier@correo.es autenticado correctamente.
[2018-05-12T16:18:38.638] [INFO] app - El usuario javier@correo.es ha obtenido su lista de amigos.
[2018-05-12T16:18:41.820] [INFO] app - Usuario joni@correo.es autenticado correctamente.
[2018-05-12T16:18:42.498] [INFO] app - El usuario joni@correo.es ha obtenido su lista de amigos.
[2018-05-12T16:18:52.268] [INFO] app - Usuario javier@correo.es autenticado correctamente.
[2018-05-12T16:18:52.943] [INFO] app - El usuario javier@correo.es ha obtenido su lista de amigos.
[2018-05-12T16:18:57.804] [INFO] app - Usuario javier@correo.es autenticado correctamente.
[2018-05-12T16:18:58.474] [INFO] app - El usuario javier@correo.es ha obtenido su lista de amigos.
[2018-05-12T16:22:37.776] [INFO] app - Servidor iniciado.
[2018-05-12T16:22:44.230] [INFO] app - Usuario javier@correo.es autenticado correctamente.
[2018-05-12T16:22:44.914] [INFO] app - El usuario javier@correo.es ha obtenido su lista de amigos.
[2018-05-12T16:40:29.080] [INFO] app - Servidor iniciado.
[2018-05-12T16:40:42.001] [INFO] app - Usuario: admin@correo.es identificado.
[2018-05-12T16:40:44.499] [ERROR] app - No se ha podido insertar los valores por defecto en la base de datos. Por favor, crea el usuario con correo admin@correo.es y pass 123456 para reintentar.
[2018-05-12T16:40:56.168] [INFO] app - Usuario: javier@correo.es identificado.
[2018-05-12T16:41:01.504] [INFO] app - Error al identificarse.
[2018-05-12T16:41:07.072] [INFO] app - Usuario: joni@correo.es identificado.
[2018-05-12T16:41:09.056] [INFO] app - El usuario no está en sesión. Debe identificarse.
[2018-05-12T16:41:12.604] [INFO] app - Usuario: javier@correo.es identificado.
[2018-05-12T16:41:19.107] [INFO] app - El usuario no está en sesión. Debe identificarse.
[2018-05-12T16:41:22.642] [INFO] app - Usuario: javier@correo.es identificado.
[2018-05-12T16:41:34.896] [INFO] app - Usuario: javier@correo.es identificado.
[2018-05-12T16:41:47.380] [INFO] app - Usuario: noelia@correo.es identificado.
[2018-05-12T16:41:53.999] [INFO] app - Usuario: noelia@correo.es identificado.
[2018-05-12T16:42:02.310] [INFO] app - Usuario: javier@correo.es identificado.
[2018-05-12T16:42:09.521] [INFO] app - Usuario: javier@correo.es identificado.
[2018-05-12T16:42:18.896] [INFO] app - Usuario javier@correo.es autenticado correctamente.
[2018-05-12T16:42:19.598] [INFO] app - El usuario javier@correo.es ha obtenido su lista de amigos.
[2018-05-12T16:42:25.905] [ERROR] app - Error al obtener datos de usuarios para comprobar autenticacion
[2018-05-12T16:42:44.884] [INFO] app - Usuario: admin@correo.es identificado.
[2018-05-12T16:42:47.381] [ERROR] app - No se ha podido insertar los valores por defecto en la base de datos. Por favor, crea el usuario con correo admin@correo.es y pass 123456 para reintentar.
[2018-05-12T16:42:58.976] [INFO] app - Usuario: javier@correo.es identificado.
[2018-05-12T16:43:04.335] [INFO] app - Error al identificarse.
[2018-05-12T16:43:09.876] [INFO] app - Usuario: joni@correo.es identificado.
[2018-05-12T16:43:11.785] [INFO] app - El usuario no está en sesión. Debe identificarse.
[2018-05-12T16:43:15.516] [INFO] app - Usuario: javier@correo.es identificado.
[2018-05-12T16:43:21.868] [INFO] app - El usuario no está en sesión. Debe identificarse.
[2018-05-12T16:43:25.577] [INFO] app - Usuario: javier@correo.es identificado.
[2018-05-12T16:43:37.115] [INFO] app - Usuario: javier@correo.es identificado.
[2018-05-12T16:43:50.394] [INFO] app - Usuario: noelia@correo.es identificado.
[2018-05-12T16:43:57.001] [INFO] app - Usuario: noelia@correo.es identificado.
[2018-05-12T16:44:05.222] [INFO] app - Usuario: javier@correo.es identificado.
[2018-05-12T16:44:12.061] [INFO] app - Usuario: javier@correo.es identificado.
[2018-05-12T16:44:34.467] [INFO] app - Usuario: ash@correo.es identificado.
[2018-05-12T16:44:44.917] [INFO] app - Usuario: joni@correo.es identificado.
[2018-05-12T16:44:55.949] [INFO] app - Usuario: pokemon@correo.es identificado.
[2018-05-12T16:45:06.402] [INFO] app - Usuario: javier@correo.es identificado.
[2018-05-12T16:45:13.424] [INFO] app - Usuario javier@correo.es autenticado correctamente.
[2018-05-12T16:45:14.133] [INFO] app - El usuario javier@correo.es ha obtenido su lista de amigos.
[2018-05-12T16:45:18.391] [ERROR] app - Error al obtener datos de usuarios para comprobar autenticacion
[2018-05-12T16:45:23.340] [INFO] app - Usuario javier@correo.es autenticado correctamente.
[2018-05-12T16:45:24.024] [INFO] app - El usuario javier@correo.es ha obtenido su lista de amigos.
[2018-05-12T16:45:28.014] [INFO] app - Usuario javier@correo.es autenticado correctamente.
[2018-05-12T16:45:28.696] [INFO] app - El usuario javier@correo.es ha obtenido su lista de amigos.
[2018-05-12T16:45:33.170] [INFO] app - Usuario joni@correo.es autenticado correctamente.
[2018-05-12T16:45:33.835] [INFO] app - El usuario joni@correo.es ha obtenido su lista de amigos.
[2018-05-12T16:45:43.196] [INFO] app - Usuario javier@correo.es autenticado correctamente.
[2018-05-12T16:45:43.857] [INFO] app - El usuario javier@correo.es ha obtenido su lista de amigos.
[2018-05-12T16:45:49.081] [INFO] app - Usuario javier@correo.es autenticado correctamente.
[2018-05-12T16:45:49.735] [INFO] app - El usuario javier@correo.es ha obtenido su lista de amigos.
[2018-05-12T16:46:12.978] [INFO] app - Usuario javier@correo.es autenticado correctamente.
[2018-05-12T16:46:13.674] [INFO] app - El usuario javier@correo.es ha obtenido su lista de amigos.
